\BOOKMARK [1][-]{section.1}{\376\377\000I\000n\000t\000r\000o\000d\000u\000c\000t\000i\000o\000n}{}% 1
\BOOKMARK [1][-]{section.2}{\376\377\000M\000e\000t\000h\000o\000d\000o\000l\000o\000g\000y}{}% 2
\BOOKMARK [2][-]{subsection.2.1}{\376\377\000P\000r\000o\000c\000e\000s\000s\000\040\000I\000m\000p\000l\000e\000m\000e\000n\000t\000a\000t\000i\000o\000n}{section.2}% 3
\BOOKMARK [2][-]{subsection.2.2}{\376\377\000Q\000u\000e\000u\000e\000\040\000O\000p\000e\000r\000a\000t\000i\000o\000n\000s}{section.2}% 4
\BOOKMARK [2][-]{subsection.2.3}{\376\377\000P\000r\000o\000c\000e\000s\000s\000\040\000i\000n\000i\000t\000i\000a\000l\000i\000z\000a\000t\000i\000o\000n}{section.2}% 5
\BOOKMARK [1][-]{section.3}{\376\377\000S\000c\000h\000e\000d\000u\000l\000i\000n\000g\000\040\000A\000l\000g\000o\000r\000i\000t\000h\000m}{}% 6
\BOOKMARK [2][-]{subsection.3.1}{\376\377\000R\000R\000\040\000\050\000R\000o\000u\000n\000d\000\040\000R\000o\000b\000i\000n\000\051\000\040\000S\000c\000h\000e\000d\000u\000l\000i\000n\000g\000\040\000A\000l\000g\000o\000r\000i\000t\000h\000m}{section.3}% 7
\BOOKMARK [2][-]{subsection.3.2}{\376\377\000S\000J\000F\000\040\000\050\000S\000h\000o\000r\000t\000e\000s\000t\000\040\000J\000o\000b\000\040\000F\000i\000r\000s\000t\000\051\000\040\000S\000c\000h\000e\000d\000u\000l\000i\000n\000g\000\040\000A\000l\000g\000o\000r\000i\000t\000h\000m}{section.3}% 8
\BOOKMARK [2][-]{subsection.3.3}{\376\377\000F\000I\000F\000O\000\040\000\050\000F\000i\000r\000s\000t\000\040\000I\000n\000\040\000F\000i\000r\000s\000t\000\040\000O\000u\000t\000\051\000\040\000S\000c\000h\000e\000d\000u\000l\000i\000n\000g\000\040\000A\000l\000g\000o\000r\000i\000t\000h\000m}{section.3}% 9
\BOOKMARK [1][-]{section.4}{\376\377\000R\000e\000s\000u\000l\000t\000s}{}% 10
\BOOKMARK [2][-]{subsection.4.1}{\376\377\000F\000i\000r\000s\000t\000\040\000I\000n\000\040\000F\000i\000r\000s\000t\000\040\000O\000u\000t}{section.4}% 11
\BOOKMARK [2][-]{subsection.4.2}{\376\377\000S\000h\000o\000r\000t\000e\000s\000t\000\040\000J\000o\000b\000\040\000F\000i\000r\000s\000t}{section.4}% 12
\BOOKMARK [2][-]{subsection.4.3}{\376\377\000R\000o\000u\000n\000d\000\040\000R\000o\000b\000i\000n}{section.4}% 13
\BOOKMARK [2][-]{subsection.4.4}{\376\377\000M\000u\000l\000t\000i\000l\000e\000v\000e\000l\000\040\000Q\000u\000e\000u\000e}{section.4}% 14
\BOOKMARK [1][-]{section.5}{\376\377\000P\000r\000o\000s\000\040\000a\000n\000d\000\040\000C\000o\000n\000s\000\040\000o\000f\000\040\000S\000c\000h\000e\000d\000u\000l\000i\000n\000g\000\040\000A\000l\000g\000o\000r\000i\000t\000h\000m\000s}{}% 15
\BOOKMARK [1][-]{section.6}{\376\377\000C\000o\000n\000c\000l\000u\000s\000i\000o\000n}{}% 16
\BOOKMARK [2][-]{subsection.6.1}{\376\377\000R\000o\000u\000n\000d\000\040\000R\000o\000b\000i\000n\000\040\000S\000c\000h\000e\000d\000u\000l\000i\000n\000g\000\040\000A\000l\000g\000o\000r\000i\000t\000h\000m}{section.6}% 17
\BOOKMARK [2][-]{subsection.6.2}{\376\377\000S\000h\000o\000r\000t\000e\000s\000t\000\040\000J\000o\000b\000\040\000F\000i\000r\000s\000t\000\040\000S\000c\000h\000e\000d\000u\000l\000i\000n\000g\000\040\000A\000l\000g\000o\000r\000i\000t\000h\000m}{section.6}% 18
\BOOKMARK [2][-]{subsection.6.3}{\376\377\000F\000i\000r\000s\000t\000\040\000I\000n\000\040\000F\000i\000r\000s\000t\000\040\000O\000u\000t\000\040\000S\000c\000h\000e\000d\000u\000l\000i\000n\000g\000\040\000A\000l\000g\000o\000r\000i\000t\000h\000m}{section.6}% 19
\BOOKMARK [2][-]{subsection.6.4}{\376\377\000M\000u\000l\000t\000i\000\040\000L\000e\000v\000e\000l\000\040\000Q\000u\000e\000u\000e\000\040\000S\000c\000h\000e\000d\000u\000l\000i\000n\000g\000\040\000A\000l\000g\000o\000r\000i\000t\000h\000m}{section.6}% 20
\BOOKMARK [1][-]{section.7}{\376\377\000P\000r\000o\000g\000r\000a\000m\000\040\000L\000i\000m\000i\000t\000a\000t\000i\000o\000n\000s}{}% 21
